2026-05-11 16:28:39,505 [INFO] 테스트 모드: 즉시 1회 실행
2026-05-11 16:28:39,505 [INFO] ===== 수집 시작: 2026-05-11 16:28 | - | 일반 | 1시간 =====
2026-05-11 16:28:39,530 [INFO] ====== WebDriver manager ======
2026-05-11 16:28:41,274 [INFO] Get LATEST chromedriver version for google-chrome
2026-05-11 16:28:41,664 [INFO] Get LATEST chromedriver version for google-chrome
2026-05-11 16:28:42,030 [INFO] Driver [C:\Users\Administrator\.wdm\drivers\chromedriver\win64\147.0.7727.117\chromedriver-win32/chromedriver.exe] found in cache
2026-05-11 16:28:51,765 [INFO]   [펀딩] 바이낸스: +0.002%
2026-05-11 16:28:51,841 [INFO]   [펀딩] OKX: +0.010%
2026-05-11 16:28:51,892 [INFO]   [펀딩] 바이비트: +0.005%
2026-05-11 16:28:55,765 [INFO]   [미결제] {'미결제_비중': '17.68%', '미결제_BTC': '10.39B', '미결제_USD': '128.64K'}
2026-05-11 16:29:01,611 [INFO]   [BTC] $80,740.11
2026-05-11 16:29:08,142 [INFO]   [롱숏][1시간] 롱=50% 숏=50%
2026-05-11 16:29:13,942 [INFO]   [청산][1시간] {'시간대': '1시간', '청산금액': '4.58M', '청산_롱': '3.16M', '청산_숏': '1.42M', '청산비율': '69.02% 롱포지션'}
2026-05-11 16:29:13,955 [INFO]   저장 완료: 1행 → funding_data_v2.csv
2026-05-11 16:29:17,645 [INFO]   ✅ GitHub push 완료
2026-05-11 16:29:17,664 [INFO] ===== 수집 완료: 1행 =====

2026-05-11 16:40:47,093 [INFO] ===== 크롤러 v2.1 시작 =====
2026-05-11 16:40:47,093 [INFO]   등록: 00:00
2026-05-11 16:40:47,093 [INFO]   등록: 00:30
2026-05-11 16:40:47,093 [INFO]   등록: 01:00
2026-05-11 16:40:47,094 [INFO]   등록: 01:30
2026-05-11 16:40:47,094 [INFO]   등록: 02:00
2026-05-11 16:40:47,094 [INFO]   등록: 04:00
2026-05-11 16:40:47,094 [INFO]   등록: 06:00
2026-05-11 16:40:47,094 [INFO]   등록: 08:00
2026-05-11 16:40:47,095 [INFO]   등록: 08:30
2026-05-11 16:40:47,095 [INFO]   등록: 09:00
2026-05-11 16:40:47,095 [INFO]   등록: 09:30
2026-05-11 16:40:47,095 [INFO]   등록: 10:00
2026-05-11 16:40:47,095 [INFO]   등록: 12:00
2026-05-11 16:40:47,096 [INFO]   등록: 14:00
2026-05-11 16:40:47,096 [INFO]   등록: 16:00
2026-05-11 16:40:47,096 [INFO]   등록: 16:30
2026-05-11 16:40:47,096 [INFO]   등록: 17:00
2026-05-11 16:40:47,096 [INFO]   등록: 17:30
2026-05-11 16:40:47,097 [INFO]   등록: 18:00
2026-05-11 16:40:47,097 [INFO]   등록: 20:00
2026-05-11 16:40:47,097 [INFO]   등록: 22:00
2026-05-11 16:40:47,097 [INFO]   총 21개 스케줄 등록 완료
2026-05-11 16:40:47,097 [INFO] 대기 중... (Ctrl+C 로 종료)

2026-05-11 16:59:26,407 [INFO] ===== 크롤러 v2.1 시작 =====
2026-05-11 16:59:26,408 [INFO]   등록: 00:00
2026-05-11 16:59:26,408 [INFO]   등록: 00:30
2026-05-11 16:59:26,408 [INFO]   등록: 01:00
2026-05-11 16:59:26,408 [INFO]   등록: 01:30
2026-05-11 16:59:26,408 [INFO]   등록: 02:00
2026-05-11 16:59:26,408 [INFO]   등록: 04:00
2026-05-11 16:59:26,409 [INFO]   등록: 06:00
2026-05-11 16:59:26,409 [INFO]   등록: 08:00
2026-05-11 16:59:26,409 [INFO]   등록: 08:30
2026-05-11 16:59:26,409 [INFO]   등록: 09:00
2026-05-11 16:59:26,409 [INFO]   등록: 09:30
2026-05-11 16:59:26,409 [INFO]   등록: 10:00
2026-05-11 16:59:26,409 [INFO]   등록: 12:00
2026-05-11 16:59:26,410 [INFO]   등록: 14:00
2026-05-11 16:59:26,410 [INFO]   등록: 16:00
2026-05-11 16:59:26,410 [INFO]   등록: 16:30
2026-05-11 16:59:26,410 [INFO]   등록: 17:00
2026-05-11 16:59:26,410 [INFO]   등록: 17:30
2026-05-11 16:59:26,410 [INFO]   등록: 18:00
2026-05-11 16:59:26,410 [INFO]   등록: 20:00
2026-05-11 16:59:26,411 [INFO]   등록: 22:00
2026-05-11 16:59:26,411 [INFO]   총 21개 스케줄 등록 완료
2026-05-11 16:59:26,411 [INFO] 대기 중... (Ctrl+C 로 종료)

2026-05-11 17:00:26,411 [INFO] ===== 수집 시작: 2026-05-11 17:00 | 3차(17:00) | 정산_기준 | 전체 시간대 =====
2026-05-11 17:00:26,416 [INFO] ====== WebDriver manager ======
2026-05-11 17:00:27,480 [INFO] Get LATEST chromedriver version for google-chrome
2026-05-11 17:00:27,823 [INFO] Get LATEST chromedriver version for google-chrome
2026-05-11 17:00:28,147 [INFO] Driver [C:\Users\Administrator\.wdm\drivers\chromedriver\win64\147.0.7727.117\chromedriver-win32/chromedriver.exe] found in cache
2026-05-11 17:00:36,442 [INFO]   [펀딩] 바이낸스: +0.003%
2026-05-11 17:00:36,477 [INFO]   [펀딩] OKX: +0.010%
2026-05-11 17:00:36,512 [INFO]   [펀딩] 바이비트: +0.005%
2026-05-11 17:00:40,783 [INFO]   [미결제] {'미결제_비중': '17.68%', '미결제_BTC': '10.38B', '미결제_USD': '128.66K'}
2026-05-11 17:00:47,530 [INFO]   [BTC] $80,730.44
2026-05-11 17:00:53,754 [INFO]   [롱숏][1시간] 롱=49.09% 숏=50.91%
2026-05-11 17:00:56,483 [INFO]   [롱숏][4시간] 롱=50.15% 숏=49.85%
2026-05-11 17:00:59,215 [INFO]   [롱숏][12시간] 롱=50.31% 숏=49.69%
2026-05-11 17:01:01,998 [INFO]   [롱숏][24시간] 롱=50.12% 숏=49.88%
2026-05-11 17:01:07,832 [INFO]   [청산][1시간] {'시간대': '1시간', '청산금액': '2.73M', '청산_롱': '1.76M', '청산_숏': '975.90K', '청산비율': '64.31% 롱포지션'}
2026-05-11 17:01:10,023 [INFO]   [청산][4시간] {'시간대': '4시간', '청산금액': '11.07M', '청산_롱': '7.01M', '청산_숏': '4.06M', '청산비율': '63.32% 롱포지션'}
2026-05-11 17:01:12,241 [INFO]   [청산][12시간] {'시간대': '12시간', '청산금액': '262.35M', '청산_롱': '145.31M', '청산_숏': '117.04M', '청산비율': '55.39% 롱포지션'}
2026-05-11 17:01:14,450 [INFO]   [청산][24시간] {'시간대': '24시간', '청산금액': '409.71M', '청산_롱': '163.97M', '청산_숏': '245.74M', '청산비율': '59.98% 숏포지션'}
2026-05-11 17:01:14,457 [INFO]   저장 완료: 4행 → funding_data_v2.csv
2026-05-11 17:01:17,838 [INFO]   ✅ GitHub push 완료
2026-05-11 17:01:17,838 [INFO] ===== 수집 완료: 4행 =====

2026-05-11 17:30:20,183 [INFO] ===== 수집 시작: 2026-05-11 17:30 | 3차(17:00) | 정산_30분후 | 1시간 =====
2026-05-11 17:30:20,184 [INFO] ====== WebDriver manager ======
2026-05-11 17:30:21,550 [INFO] Get LATEST chromedriver version for google-chrome
2026-05-11 17:30:21,873 [INFO] Get LATEST chromedriver version for google-chrome
2026-05-11 17:30:22,198 [INFO] Driver [C:\Users\Administrator\.wdm\drivers\chromedriver\win64\147.0.7727.117\chromedriver-win32/chromedriver.exe] found in cache
2026-05-11 17:30:31,587 [WARNING]   [펀딩] 재시도 1/2
2026-05-11 17:30:43,256 [INFO]   [펀딩] 바이낸스: +0.003%
2026-05-11 17:30:43,291 [INFO]   [펀딩] OKX: +0.009%
2026-05-11 17:30:43,324 [INFO]   [펀딩] 바이비트: +0.007%
2026-05-11 17:30:48,819 [INFO]   [미결제] {'미결제_비중': '17.70%', '미결제_BTC': '10.38B', '미결제_USD': '128.67K'}
2026-05-11 17:30:55,889 [INFO]   [BTC] 
2026-05-11 17:30:55,890 [WARNING]   [BTC] 재시도 1/2
2026-05-11 17:31:10,564 [INFO]   [BTC] $80,682.56
2026-05-11 17:31:16,614 [INFO]   [롱숏][1시간] 롱=48.96% 숏=51.04%
2026-05-11 17:31:23,075 [INFO]   [청산][1시간] {'시간대': '1시간', '청산금액': '3.95M', '청산_롱': '3.06M', '청산_숏': '893.95K', '청산비율': '77.4% 롱포지션'}
2026-05-11 17:31:23,078 [INFO]   저장 완료: 1행 → funding_data_v2.csv
2026-05-11 17:31:26,087 [INFO]   ✅ GitHub push 완료
2026-05-11 17:31:26,087 [INFO] ===== 수집 완료: 1행 =====

2026-05-11 18:00:28,362 [INFO] ===== 수집 시작: 2026-05-11 18:00 | 3차(17:00) | 정산_1시간후 | 1시간 =====
2026-05-11 18:00:28,362 [INFO] ====== WebDriver manager ======
2026-05-11 18:00:29,378 [INFO] Get LATEST chromedriver version for google-chrome
2026-05-11 18:00:29,707 [INFO] Get LATEST chromedriver version for google-chrome
2026-05-11 18:00:30,166 [INFO] Driver [C:\Users\Administrator\.wdm\drivers\chromedriver\win64\147.0.7727.117\chromedriver-win32/chromedriver.exe] found in cache
2026-05-11 18:00:38,619 [INFO]   [펀딩] 바이낸스: +0.003%
2026-05-11 18:00:38,656 [INFO]   [펀딩] OKX: +0.008%
2026-05-11 18:00:38,692 [INFO]   [펀딩] 바이비트: +0.007%
2026-05-11 18:01:24,362 [INFO]   [미결제] {'미결제_비중': '17.71%', '미결제_BTC': '10.38B', '미결제_USD': '128.63K'}
2026-05-11 18:01:31,283 [INFO]   [BTC] $80,792.16
2026-05-11 18:01:37,653 [INFO]   [롱숏][1시간] 롱=49.12% 숏=50.88%
2026-05-11 18:01:44,024 [INFO]   [청산][1시간] {'시간대': '1시간', '청산금액': '3.82M', '청산_롱': '3.12M', '청산_숏': '703.85K', '청산비율': '81.58% 롱포지션'}
2026-05-11 18:01:44,027 [INFO]   저장 완료: 1행 → funding_data_v2.csv
2026-05-11 18:01:47,131 [INFO]   ✅ GitHub push 완료
2026-05-11 18:01:47,131 [INFO] ===== 수집 완료: 1행 =====

2026-05-11 20:00:19,580 [INFO] ===== 수집 시작: 2026-05-11 20:00 | - | 일반 | 1시간 =====
2026-05-11 20:00:19,581 [INFO] ====== WebDriver manager ======
2026-05-11 20:00:20,608 [INFO] Get LATEST chromedriver version for google-chrome
2026-05-11 20:00:20,942 [INFO] Get LATEST chromedriver version for google-chrome
2026-05-11 20:00:21,278 [INFO] Driver [C:\Users\Administrator\.wdm\drivers\chromedriver\win64\147.0.7727.117\chromedriver-win32/chromedriver.exe] found in cache
2026-05-11 20:00:30,838 [INFO]   [펀딩] 바이낸스: +0.003%
2026-05-11 20:00:30,873 [INFO]   [펀딩] OKX: +0.002%
2026-05-11 20:00:30,908 [INFO]   [펀딩] 바이비트: +0.006%
2026-05-11 20:01:16,824 [INFO]   [미결제] {'미결제_비중': '17.51%', '미결제_BTC': '10.42B', '미결제_USD': '128.71K'}
2026-05-11 20:01:23,238 [INFO]   [BTC] $80,979.69
2026-05-11 20:01:29,720 [INFO]   [롱숏][1시간] 롱=50.41% 숏=49.59%
2026-05-11 20:01:35,403 [INFO]   [청산][1시간] {'시간대': '1시간', '청산금액': '3.31M', '청산_롱': '1.94M', '청산_숏': '1.37M', '청산비율': '58.65% 롱포지션'}
2026-05-11 20:01:35,406 [INFO]   저장 완료: 1행 → funding_data_v2.csv
2026-05-11 20:01:39,022 [INFO]   ✅ GitHub push 완료
2026-05-11 20:01:39,023 [INFO] ===== 수집 완료: 1행 =====

2026-05-11 22:00:11,537 [INFO] ===== 수집 시작: 2026-05-11 22:00 | - | 일반 | 1시간 =====
2026-05-11 22:00:11,537 [INFO] ====== WebDriver manager ======
2026-05-11 22:00:12,587 [INFO] Get LATEST chromedriver version for google-chrome
2026-05-11 22:00:12,939 [INFO] Get LATEST chromedriver version for google-chrome
2026-05-11 22:00:13,275 [INFO] Driver [C:\Users\Administrator\.wdm\drivers\chromedriver\win64\147.0.7727.117\chromedriver-win32/chromedriver.exe] found in cache
2026-05-11 22:00:20,492 [INFO]   [펀딩] 바이낸스: +0.002%
2026-05-11 22:00:20,526 [INFO]   [펀딩] OKX: -0.002%
2026-05-11 22:00:20,555 [INFO]   [펀딩] 바이비트: +0.001%
2026-05-11 22:00:24,166 [INFO]   [미결제] {'미결제_비중': '17.61%', '미결제_BTC': '10.49B', '미결제_USD': '129.45K'}
2026-05-11 22:00:30,269 [INFO]   [BTC] $81,069.6
2026-05-11 22:00:36,392 [INFO]   [롱숏][1시간] 롱=49.79% 숏=50.21%
2026-05-11 22:00:41,802 [INFO]   [청산][1시간] {'시간대': '1시간', '청산금액': '6.99M', '청산_롱': '2.22M', '청산_숏': '4.77M', '청산비율': '68.29% 숏포지션'}
2026-05-11 22:00:41,805 [INFO]   저장 완료: 1행 → funding_data_v2.csv
2026-05-11 22:00:45,284 [INFO]   ✅ GitHub push 완료
2026-05-11 22:00:45,285 [INFO] ===== 수집 완료: 1행 =====

2026-05-12 00:00:17,640 [INFO] ===== 수집 시작: 2026-05-12 00:00 | 1차(01:00) | 정산_1시간전 | 1시간 =====
2026-05-12 00:00:17,640 [INFO] ====== WebDriver manager ======
2026-05-12 00:00:18,721 [INFO] Get LATEST chromedriver version for google-chrome
2026-05-12 00:00:19,068 [INFO] Get LATEST chromedriver version for google-chrome
2026-05-12 00:00:19,413 [INFO] Get LATEST chromedriver version for google-chrome
2026-05-12 00:00:20,185 [INFO] WebDriver version 147.0.7727.117 selected
2026-05-12 00:00:20,192 [INFO] Modern chrome version https://storage.googleapis.com/chrome-for-testing-public/147.0.7727.117/win32/chromedriver-win32.zip
2026-05-12 00:00:20,192 [INFO] About to download new driver from https://storage.googleapis.com/chrome-for-testing-public/147.0.7727.117/win32/chromedriver-win32.zip
2026-05-12 00:00:20,800 [INFO] Driver downloading response is 200
2026-05-12 00:00:24,508 [INFO] Get LATEST chromedriver version for google-chrome
2026-05-12 00:00:24,963 [INFO] Driver has been saved in cache [C:\Users\Administrator\.wdm\drivers\chromedriver\win64\147.0.7727.117]
2026-05-12 00:00:36,208 [INFO]   [펀딩] 바이낸스: +0.003%
2026-05-12 00:00:36,243 [INFO]   [펀딩] OKX: 0.000%
2026-05-12 00:00:36,282 [INFO]   [펀딩] 바이비트: +0.002%
2026-05-12 00:00:40,436 [INFO]   [미결제] {'미결제_비중': '17.64%', '미결제_BTC': '10.51B', '미결제_USD': '129.99K'}
2026-05-12 00:00:47,801 [INFO]   [BTC] $80,911.19
2026-05-12 00:00:53,990 [INFO]   [롱숏][1시간] 롱=49.86% 숏=50.14%
2026-05-12 00:01:00,259 [INFO]   [청산][1시간] {'시간대': '1시간', '청산금액': '21.38M', '청산_롱': '18.76M', '청산_숏': '2.63M', '청산비율': '87.71% 롱포지션'}
2026-05-12 00:01:00,263 [INFO]   저장 완료: 1행 → funding_data_v2.csv
2026-05-12 00:01:03,607 [INFO]   ✅ GitHub push 완료
2026-05-12 00:01:03,608 [INFO] ===== 수집 완료: 1행 =====

2026-05-12 00:30:05,927 [INFO] ===== 수집 시작: 2026-05-12 00:30 | 1차(01:00) | 정산_30분전 | 1시간 =====
2026-05-12 00:30:05,928 [INFO] ====== WebDriver manager ======
2026-05-12 00:30:07,176 [INFO] Get LATEST chromedriver version for google-chrome
2026-05-12 00:30:07,506 [INFO] Get LATEST chromedriver version for google-chrome
2026-05-12 00:30:07,833 [INFO] Driver [C:\Users\Administrator\.wdm\drivers\chromedriver\win64\147.0.7727.117\chromedriver-win32/chromedriver.exe] found in cache
2026-05-12 00:30:13,676 [INFO]   [펀딩] 바이낸스: +0.004%
2026-05-12 00:30:13,708 [INFO]   [펀딩] OKX: +0.001%
2026-05-12 00:30:13,739 [INFO]   [펀딩] 바이비트: +0.002%
2026-05-12 00:30:18,395 [INFO]   [미결제] {'미결제_비중': '17.66%', '미결제_BTC': '10.56B', '미결제_USD': '129.90K'}
2026-05-12 00:30:24,048 [INFO]   [BTC] $81,336.05
2026-05-12 00:30:30,282 [INFO]   [롱숏][1시간] 롱=50.86% 숏=49.14%
2026-05-12 00:30:35,910 [INFO]   [청산][1시간] {'시간대': '1시간', '청산금액': '27.14M', '청산_롱': '20.32M', '청산_숏': '6.82M', '청산비율': '74.87% 롱포지션'}
2026-05-12 00:30:35,912 [INFO]   저장 완료: 1행 → funding_data_v2.csv
2026-05-12 00:30:39,094 [INFO]   ✅ GitHub push 완료
2026-05-12 00:30:39,094 [INFO] ===== 수집 완료: 1행 =====

2026-05-12 01:00:11,364 [INFO] ===== 수집 시작: 2026-05-12 01:00 | 1차(01:00) | 정산_기준 | 전체 시간대 =====
2026-05-12 01:00:11,364 [INFO] ====== WebDriver manager ======
2026-05-12 01:00:12,416 [INFO] Get LATEST chromedriver version for google-chrome
2026-05-12 01:00:12,767 [INFO] Get LATEST chromedriver version for google-chrome
2026-05-12 01:00:13,096 [INFO] Driver [C:\Users\Administrator\.wdm\drivers\chromedriver\win64\147.0.7727.117\chromedriver-win32/chromedriver.exe] found in cache
2026-05-12 01:00:19,996 [INFO]   [펀딩] 바이낸스: +0.005%
2026-05-12 01:00:20,030 [INFO]   [펀딩] OKX: +0.001%
2026-05-12 01:00:20,064 [INFO]   [펀딩] 바이비트: +0.002%
2026-05-12 01:00:24,764 [INFO]   [미결제] {'미결제_비중': '17.72%', '미결제_BTC': '10.59B', '미결제_USD': '130.19K'}
2026-05-12 01:00:31,241 [INFO]   [BTC] $81,436.1
2026-05-12 01:00:36,995 [INFO]   [롱숏][1시간] 롱=50.87% 숏=49.13%
2026-05-12 01:00:39,718 [INFO]   [롱숏][4시간] 롱=50.22% 숏=49.78%
2026-05-12 01:00:42,507 [INFO]   [롱숏][12시간] 롱=49.96% 숏=50.04%
2026-05-12 01:00:45,300 [INFO]   [롱숏][24시간] 롱=50.09% 숏=49.91%
2026-05-12 01:00:50,835 [INFO]   [청산][1시간] {'시간대': '1시간', '청산금액': '12.00M', '청산_롱': '4.99M', '청산_숏': '7.01M', '청산비율': '58.4% 숏포지션'}
2026-05-12 01:00:53,018 [INFO]   [청산][4시간] {'시간대': '4시간', '청산금액': '57.21M', '청산_롱': '35.75M', '청산_숏': '21.46M', '청산비율': '62.48% 롱포지션'}
2026-05-12 01:00:55,208 [INFO]   [청산][12시간] {'시간대': '12시간', '청산금액': '79.72M', '청산_롱': '49.53M', '청산_숏': '30.18M', '청산비율': '62.14% 롱포지션'}
2026-05-12 01:00:57,413 [INFO]   [청산][24시간] {'시간대': '24시간', '청산금액': '417.95M', '청산_롱': '195.23M', '청산_숏': '222.72M', '청산비율': '53.29% 숏포지션'}
2026-05-12 01:00:57,416 [INFO]   저장 완료: 4행 → funding_data_v2.csv
2026-05-12 01:01:00,591 [INFO]   ✅ GitHub push 완료
2026-05-12 01:01:00,591 [INFO] ===== 수집 완료: 4행 =====

2026-05-12 01:30:02,878 [INFO] ===== 수집 시작: 2026-05-12 01:30 | 1차(01:00) | 정산_30분후 | 1시간 =====
2026-05-12 01:30:02,879 [INFO] ====== WebDriver manager ======
2026-05-12 01:30:03,928 [INFO] Get LATEST chromedriver version for google-chrome
2026-05-12 01:30:04,252 [INFO] Get LATEST chromedriver version for google-chrome
2026-05-12 01:30:04,573 [INFO] Driver [C:\Users\Administrator\.wdm\drivers\chromedriver\win64\147.0.7727.117\chromedriver-win32/chromedriver.exe] found in cache
2026-05-12 01:30:11,773 [INFO]   [펀딩] 바이낸스: +0.004%
2026-05-12 01:30:11,807 [INFO]   [펀딩] OKX: +0.001%
2026-05-12 01:30:11,840 [INFO]   [펀딩] 바이비트: +0.001%
2026-05-12 01:30:15,397 [INFO]   [미결제] {'미결제_비중': '17.76%', '미결제_BTC': '10.66B', '미결제_USD': '130.47K'}
2026-05-12 01:30:21,712 [INFO]   [BTC] $81,824.85
2026-05-12 01:30:28,760 [INFO]   [롱숏][1시간] 롱=50.34% 숏=49.66%
2026-05-12 01:30:34,078 [INFO]   [청산][1시간] {'시간대': '1시간', '청산금액': '23.82M', '청산_롱': '911.35K', '청산_숏': '22.91M', '청산비율': '96.17% 숏포지션'}
2026-05-12 01:30:34,081 [INFO]   저장 완료: 1행 → funding_data_v2.csv
2026-05-12 01:30:37,197 [INFO]   ✅ GitHub push 완료
2026-05-12 01:30:37,197 [INFO] ===== 수집 완료: 1행 =====

2026-05-12 02:00:09,510 [INFO] ===== 수집 시작: 2026-05-12 02:00 | 1차(01:00) | 정산_1시간후 | 1시간 =====
2026-05-12 02:00:09,510 [INFO] ====== WebDriver manager ======
2026-05-12 02:00:10,514 [INFO] Get LATEST chromedriver version for google-chrome
2026-05-12 02:00:10,872 [INFO] Get LATEST chromedriver version for google-chrome
2026-05-12 02:00:11,216 [INFO] Driver [C:\Users\Administrator\.wdm\drivers\chromedriver\win64\147.0.7727.117\chromedriver-win32/chromedriver.exe] found in cache
2026-05-12 02:00:20,859 [WARNING]   [펀딩] 재시도 1/2
2026-05-12 02:00:33,908 [INFO]   [펀딩] 바이낸스: +0.004%
2026-05-12 02:00:33,943 [INFO]   [펀딩] OKX: +0.001%
2026-05-12 02:00:33,977 [INFO]   [펀딩] 바이비트: +0.002%
2026-05-12 02:00:39,400 [INFO]   [미결제] {'미결제_비중': '17.79%', '미결제_BTC': '10.66B', '미결제_USD': '130.73K'}
2026-05-12 02:00:47,204 [INFO]   [BTC] 
2026-05-12 02:00:47,204 [WARNING]   [BTC] 재시도 1/2
2026-05-12 02:01:02,033 [INFO]   [BTC] $81,545.71
2026-05-12 02:01:07,844 [INFO]   [롱숏][1시간] 롱=49.79% 숏=50.21%
2026-05-12 02:01:14,145 [INFO]   [청산][1시간] {'시간대': '1시간', '청산금액': '23.37M', '청산_롱': '1.75M', '청산_숏': '21.62M', '청산비율': '92.52% 숏포지션'}
2026-05-12 02:01:14,147 [INFO]   저장 완료: 1행 → funding_data_v2.csv
2026-05-12 02:01:17,385 [INFO]   ✅ GitHub push 완료
2026-05-12 02:01:17,385 [INFO] ===== 수집 완료: 1행 =====

2026-05-12 04:00:19,720 [INFO] ===== 수집 시작: 2026-05-12 04:00 | - | 일반 | 1시간 =====
2026-05-12 04:00:19,721 [INFO] ====== WebDriver manager ======
2026-05-12 04:00:21,217 [INFO] Get LATEST chromedriver version for google-chrome
2026-05-12 04:00:21,578 [INFO] Get LATEST chromedriver version for google-chrome
2026-05-12 04:00:21,901 [INFO] Driver [C:\Users\Administrator\.wdm\drivers\chromedriver\win64\147.0.7727.117\chromedriver-win32/chromedriver.exe] found in cache
2026-05-12 04:00:31,031 [INFO]   [펀딩] 바이낸스: +0.002%
2026-05-12 04:00:31,069 [INFO]   [펀딩] OKX: -0.002%
2026-05-12 04:00:31,104 [INFO]   [펀딩] 바이비트: +0.001%
2026-05-12 04:00:34,715 [INFO]   [미결제] {'미결제_비중': '17.84%', '미결제_BTC': '10.78B', '미결제_USD': '131.55K'}
2026-05-12 04:01:22,277 [INFO]   [BTC] $81,883.7
2026-05-12 04:01:28,386 [INFO]   [롱숏][1시간] 롱=50.33% 숏=49.67%
2026-05-12 04:01:34,314 [INFO]   [청산][1시간] {'시간대': '1시간', '청산금액': '41.05M', '청산_롱': '10.61M', '청산_숏': '30.44M', '청산비율': '74.16% 숏포지션'}
2026-05-12 04:01:34,317 [INFO]   저장 완료: 1행 → funding_data_v2.csv
2026-05-12 04:01:38,394 [INFO]   ✅ GitHub push 완료
2026-05-12 04:01:38,394 [INFO] ===== 수집 완료: 1행 =====

2026-05-12 06:00:10,729 [INFO] ===== 수집 시작: 2026-05-12 06:00 | - | 일반 | 1시간 =====
2026-05-12 06:00:10,729 [INFO] ====== WebDriver manager ======
2026-05-12 06:00:11,787 [INFO] Get LATEST chromedriver version for google-chrome
2026-05-12 06:00:12,148 [INFO] Get LATEST chromedriver version for google-chrome
2026-05-12 06:00:12,485 [INFO] Driver [C:\Users\Administrator\.wdm\drivers\chromedriver\win64\147.0.7727.117\chromedriver-win32/chromedriver.exe] found in cache
2026-05-12 06:00:20,832 [INFO]   [펀딩] 바이낸스: 0.000%
2026-05-12 06:00:20,866 [INFO]   [펀딩] OKX: -0.006%
2026-05-12 06:00:20,902 [INFO]   [펀딩] 바이비트: +0.001%
2026-05-12 06:00:25,141 [INFO]   [미결제] {'미결제_비중': '17.94%', '미결제_BTC': '10.82B', '미결제_USD': '132.33K'}
2026-05-12 06:00:33,874 [INFO]   [BTC] 
2026-05-12 06:00:33,874 [WARNING]   [BTC] 재시도 1/2
2026-05-12 06:00:49,483 [INFO]   [BTC] $81,829.01
2026-05-12 06:00:55,111 [INFO]   [롱숏][1시간] 롱=50.25% 숏=49.75%
2026-05-12 06:01:01,786 [INFO]   [청산][1시간] {'시간대': '1시간', '청산금액': '5.44M', '청산_롱': '2.59M', '청산_숏': '2.84M', '청산비율': '52.29% 숏포지션'}
2026-05-12 06:01:01,789 [INFO]   저장 완료: 1행 → funding_data_v2.csv
2026-05-12 06:01:05,206 [INFO]   ✅ GitHub push 완료
2026-05-12 06:01:05,206 [INFO] ===== 수집 완료: 1행 =====

2026-05-12 08:00:07,577 [INFO] ===== 수집 시작: 2026-05-12 08:00 | 2차(09:00) | 정산_1시간전 | 1시간 =====
2026-05-12 08:00:07,578 [INFO] ====== WebDriver manager ======
2026-05-12 08:00:08,626 [INFO] Get LATEST chromedriver version for google-chrome
2026-05-12 08:00:08,957 [INFO] Get LATEST chromedriver version for google-chrome
2026-05-12 08:00:09,284 [INFO] Driver [C:\Users\Administrator\.wdm\drivers\chromedriver\win64\147.0.7727.117\chromedriver-win32/chromedriver.exe] found in cache
2026-05-12 08:00:19,167 [INFO]   [펀딩] 바이낸스: 0.000%
2026-05-12 08:00:19,202 [INFO]   [펀딩] OKX: -0.006%
2026-05-12 08:00:19,237 [INFO]   [펀딩] 바이비트: +0.001%
2026-05-12 08:01:04,981 [INFO]   [미결제] {'미결제_비중': '18.00%', '미결제_BTC': '10.83B', '미결제_USD': '132.38K'}
2026-05-12 08:01:11,820 [INFO]   [BTC] $81,810.21
2026-05-12 08:01:18,503 [INFO]   [롱숏][1시간] 롱=49.79% 숏=50.21%
2026-05-12 08:01:24,247 [INFO]   [청산][1시간] {'시간대': '1시간', '청산금액': '3.21M', '청산_롱': '629.54K', '청산_숏': '2.58M', '청산비율': '80.41% 숏포지션'}
2026-05-12 08:01:24,250 [INFO]   저장 완료: 1행 → funding_data_v2.csv
2026-05-12 08:01:26,940 [INFO]   ✅ GitHub push 완료
2026-05-12 08:01:26,940 [INFO] ===== 수집 완료: 1행 =====

2026-05-12 08:30:29,267 [INFO] ===== 수집 시작: 2026-05-12 08:30 | 2차(09:00) | 정산_30분전 | 1시간 =====
2026-05-12 08:30:29,268 [INFO] ====== WebDriver manager ======
2026-05-12 08:30:30,291 [INFO] Get LATEST chromedriver version for google-chrome
2026-05-12 08:30:30,622 [INFO] Get LATEST chromedriver version for google-chrome
2026-05-12 08:30:30,946 [INFO] Driver [C:\Users\Administrator\.wdm\drivers\chromedriver\win64\147.0.7727.117\chromedriver-win32/chromedriver.exe] found in cache
2026-05-12 08:30:38,544 [INFO]   [펀딩] 바이낸스: 0.000%
2026-05-12 08:30:38,623 [INFO]   [펀딩] OKX: -0.006%
2026-05-12 08:30:38,664 [INFO]   [펀딩] 바이비트: +0.001%
2026-05-12 08:31:24,425 [INFO]   [미결제] {'미결제_비중': '18.01%', '미결제_BTC': '10.81B', '미결제_USD': '132.45K'}
2026-05-12 08:31:32,345 [INFO]   [BTC] 
2026-05-12 08:31:32,345 [WARNING]   [BTC] 재시도 1/2
2026-05-12 08:31:48,031 [INFO]   [BTC] $81,670.98
2026-05-12 08:31:53,771 [INFO]   [롱숏][1시간] 롱=49.74% 숏=50.26%
2026-05-12 08:31:59,897 [INFO]   [청산][1시간] {'시간대': '1시간', '청산금액': '3.18M', '청산_롱': '1.34M', '청산_숏': '1.84M', '청산비율': '57.83% 숏포지션'}
2026-05-12 08:31:59,900 [INFO]   저장 완료: 1행 → funding_data_v2.csv
2026-05-12 08:32:02,537 [INFO]   ✅ GitHub push 완료
2026-05-12 08:32:02,537 [INFO] ===== 수집 완료: 1행 =====

2026-05-12 09:00:04,869 [INFO] ===== 수집 시작: 2026-05-12 09:00 | 2차(09:00) | 정산_기준 | 전체 시간대 =====
2026-05-12 09:00:04,870 [INFO] ====== WebDriver manager ======
2026-05-12 09:00:06,127 [INFO] Get LATEST chromedriver version for google-chrome
2026-05-12 09:00:06,526 [INFO] Get LATEST chromedriver version for google-chrome
2026-05-12 09:00:06,864 [INFO] Driver [C:\Users\Administrator\.wdm\drivers\chromedriver\win64\147.0.7727.117\chromedriver-win32/chromedriver.exe] found in cache
2026-05-12 09:00:19,323 [INFO]   [펀딩] 바이낸스: 0.000%
2026-05-12 09:00:19,376 [INFO]   [펀딩] OKX: -0.006%
2026-05-12 09:00:19,417 [INFO]   [펀딩] 바이비트: +0.002%
2026-05-12 09:00:26,262 [INFO]   [미결제] {'미결제_비중': '18.02%', '미결제_BTC': '10.81B', '미결제_USD': '132.33K'}
2026-05-12 09:00:34,352 [INFO]   [BTC] 
2026-05-12 09:00:34,353 [WARNING]   [BTC] 재시도 1/2
2026-05-12 09:00:50,345 [INFO]   [BTC] $81,706.13
2026-05-12 09:00:57,330 [INFO]   [롱숏][1시간] 롱=50.08% 숏=49.92%
2026-05-12 09:01:00,071 [INFO]   [롱숏][4시간] 롱=50.24% 숏=49.76%
2026-05-12 09:01:02,869 [INFO]   [롱숏][12시간] 롱=50.2% 숏=49.8%
2026-05-12 09:01:05,618 [INFO]   [롱숏][24시간] 롱=50.06% 숏=49.94%
2026-05-12 09:01:12,634 [INFO]   [청산][1시간] {'시간대': '1시간', '청산금액': '3.89M', '청산_롱': '2.18M', '청산_숏': '1.71M', '청산비율': '55.98% 롱포지션'}
2026-05-12 09:01:14,833 [INFO]   [청산][4시간] {'시간대': '4시간', '청산금액': '15.60M', '청산_롱': '7.27M', '청산_숏': '8.33M', '청산비율': '53.41% 숏포지션'}
2026-05-12 09:01:17,058 [INFO]   [청산][12시간] {'시간대': '12시간', '청산금액': '153.93M', '청산_롱': '58.52M', '청산_숏': '95.40M', '청산비율': '61.98% 숏포지션'}
2026-05-12 09:01:19,271 [INFO]   [청산][24시간] {'시간대': '24시간', '청산금액': '242.04M', '청산_롱': '123.90M', '청산_숏': '118.14M', '청산비율': '51.19% 롱포지션'}
2026-05-12 09:01:19,274 [INFO]   저장 완료: 4행 → funding_data_v2.csv
2026-05-12 09:01:22,022 [INFO]   ✅ GitHub push 완료
2026-05-12 09:01:22,023 [INFO] ===== 수집 완료: 4행 =====

2026-05-12 09:30:24,381 [INFO] ===== 수집 시작: 2026-05-12 09:30 | 2차(09:00) | 정산_30분후 | 1시간 =====
2026-05-12 09:30:24,382 [INFO] ====== WebDriver manager ======
2026-05-12 09:30:25,415 [INFO] Get LATEST chromedriver version for google-chrome
2026-05-12 09:30:25,753 [INFO] Get LATEST chromedriver version for google-chrome
2026-05-12 09:30:26,084 [INFO] Driver [C:\Users\Administrator\.wdm\drivers\chromedriver\win64\147.0.7727.117\chromedriver-win32/chromedriver.exe] found in cache
2026-05-12 09:30:37,297 [INFO]   [펀딩] 바이낸스: 0.000%
2026-05-12 09:30:37,332 [INFO]   [펀딩] OKX: -0.005%
2026-05-12 09:30:37,366 [INFO]   [펀딩] 바이비트: -0.002%
2026-05-12 09:30:42,796 [INFO]   [미결제] {'미결제_비중': '18.05%', '미결제_BTC': '10.81B', '미결제_USD': '132.57K'}
2026-05-12 09:31:30,538 [INFO]   [BTC] $81,583.48
2026-05-12 09:31:36,571 [INFO]   [롱숏][1시간] 롱=50.37% 숏=49.63%
2026-05-12 09:31:42,305 [INFO]   [청산][1시간] {'시간대': '1시간', '청산금액': '4.66M', '청산_롱': '2.73M', '청산_숏': '1.93M', '청산비율': '58.54% 롱포지션'}
2026-05-12 09:31:42,308 [INFO]   저장 완료: 1행 → funding_data_v2.csv
2026-05-12 09:31:44,873 [INFO]   ✅ GitHub push 완료
2026-05-12 09:31:44,874 [INFO] ===== 수집 완료: 1행 =====

2026-05-12 10:00:17,157 [INFO] ===== 수집 시작: 2026-05-12 10:00 | 2차(09:00) | 정산_1시간후 | 1시간 =====
2026-05-12 10:00:17,157 [INFO] ====== WebDriver manager ======
2026-05-12 10:00:18,184 [INFO] Get LATEST chromedriver version for google-chrome
2026-05-12 10:00:18,752 [INFO] Get LATEST chromedriver version for google-chrome
2026-05-12 10:00:19,182 [INFO] Driver [C:\Users\Administrator\.wdm\drivers\chromedriver\win64\147.0.7727.117\chromedriver-win32/chromedriver.exe] found in cache
2026-05-12 10:00:31,257 [INFO]   [펀딩] 바이낸스: +0.001%
2026-05-12 10:00:31,300 [INFO]   [펀딩] OKX: -0.004%
2026-05-12 10:00:31,339 [INFO]   [펀딩] 바이비트: +0.001%
2026-05-12 10:01:17,730 [INFO]   [미결제] {'미결제_비중': '18.05%', '미결제_BTC': '10.80B', '미결제_USD': '132.51K'}
2026-05-12 10:01:24,836 [INFO]   [BTC] $81,598.02
2026-05-12 10:01:30,790 [INFO]   [롱숏][1시간] 롱=49.76% 숏=50.24%
2026-05-12 10:01:36,682 [INFO]   [청산][1시간] {'시간대': '1시간', '청산금액': '2.49M', '청산_롱': '1.63M', '청산_숏': '863.76K', '청산비율': '65.35% 롱포지션'}
2026-05-12 10:01:36,685 [INFO]   저장 완료: 1행 → funding_data_v2.csv
2026-05-12 10:01:40,079 [INFO]   ✅ GitHub push 완료
2026-05-12 10:01:40,079 [INFO] ===== 수집 완료: 1행 =====

2026-05-12 12:00:12,505 [INFO] ===== 수집 시작: 2026-05-12 12:00 | - | 일반 | 1시간 =====
2026-05-12 12:00:12,506 [INFO] ====== WebDriver manager ======
2026-05-12 12:00:14,218 [INFO] Get LATEST chromedriver version for google-chrome
2026-05-12 12:00:14,600 [INFO] Get LATEST chromedriver version for google-chrome
2026-05-12 12:00:14,967 [INFO] Driver [C:\Users\Administrator\.wdm\drivers\chromedriver\win64\147.0.7727.117\chromedriver-win32/chromedriver.exe] found in cache
2026-05-12 12:00:23,616 [INFO]   [펀딩] 바이낸스: 0.000%
2026-05-12 12:00:23,757 [INFO]   [펀딩] OKX: 0.000%
2026-05-12 12:00:23,798 [INFO]   [펀딩] 바이비트: -0.001%
2026-05-12 12:00:28,698 [INFO]   [미결제] {'미결제_비중': '18.12%', '미결제_BTC': '10.78B', '미결제_USD': '132.69K'}
2026-05-12 12:00:35,249 [INFO]   [BTC] $81,249.48
2026-05-12 12:00:41,683 [INFO]   [롱숏][1시간] 롱=49.58% 숏=50.42%
2026-05-12 12:00:47,386 [INFO]   [청산][1시간] {'시간대': '1시간', '청산금액': '1.99M', '청산_롱': '923.45K', '청산_숏': '1.07M', '청산비율': '53.62% 숏포지션'}
2026-05-12 12:00:47,390 [INFO]   저장 완료: 1행 → funding_data_v2.csv
2026-05-12 12:00:49,821 [ERROR]   GitHub push 실패: Command '['git', 'push', 'origin', 'main']' returned non-zero exit status 1.
2026-05-12 12:00:49,826 [INFO] ===== 수집 완료: 1행 =====

2026-05-12 14:00:22,868 [INFO] ===== 수집 시작: 2026-05-12 14:00 | - | 일반 | 1시간 =====
2026-05-12 14:00:22,916 [INFO] ====== WebDriver manager ======
2026-05-12 14:00:31,695 [INFO] Get LATEST chromedriver version for google-chrome
2026-05-12 14:00:32,854 [INFO] Get LATEST chromedriver version for google-chrome
2026-05-12 14:00:33,992 [INFO] Driver [C:\Users\Administrator\.wdm\drivers\chromedriver\win64\147.0.7727.117\chromedriver-win32/chromedriver.exe] found in cache
2026-05-12 14:00:55,412 [INFO]   [펀딩] 바이낸스: +0.003%
2026-05-12 14:00:55,767 [INFO]   [펀딩] OKX: +0.003%
2026-05-12 14:00:55,932 [INFO]   [펀딩] 바이비트: -0.002%
2026-05-12 14:01:25,826 [INFO]   [미결제] {'미결제_비중': '18.18%', '미결제_BTC': '10.84B', '미결제_USD': '133.52K'}
2026-05-12 14:01:35,874 [INFO]   [BTC] $81,225.2
2026-05-12 14:01:52,346 [INFO]   [롱숏][1시간] 롱=51% 숏=49%
2026-05-12 14:02:01,676 [INFO]   [청산][1시간] {'시간대': '1시간', '청산금액': '1.37M', '청산_롱': '735.68K', '청산_숏': '636.46K', '청산비율': '53.62% 롱포지션'}
2026-05-12 14:02:01,696 [INFO]   저장 완료: 1행 → funding_data_v2.csv
2026-05-12 14:02:08,794 [INFO]   ✅ GitHub push 완료
2026-05-12 14:02:08,799 [INFO] ===== 수집 완료: 1행 =====

2026-05-12 16:00:12,208 [INFO] ===== 수집 시작: 2026-05-12 16:00 | 3차(17:00) | 정산_1시간전 | 1시간 =====
2026-05-12 16:00:12,218 [INFO] ====== WebDriver manager ======
2026-05-12 16:00:13,873 [INFO] Get LATEST chromedriver version for google-chrome
2026-05-12 16:00:14,233 [INFO] Get LATEST chromedriver version for google-chrome
2026-05-12 16:00:14,882 [INFO] Driver [C:\Users\Administrator\.wdm\drivers\chromedriver\win64\147.0.7727.117\chromedriver-win32/chromedriver.exe] found in cache
2026-05-12 16:00:29,325 [INFO]   [펀딩] 바이낸스: +0.004%
2026-05-12 16:00:29,384 [INFO]   [펀딩] OKX: +0.004%
2026-05-12 16:00:29,428 [INFO]   [펀딩] 바이비트: -0.002%
2026-05-12 16:00:37,933 [INFO]   [미결제] {'미결제_비중': '18.14%', '미결제_BTC': '10.85B', '미결제_USD': '134.02K'}
2026-05-12 16:00:44,761 [INFO]   [BTC] $81,008.53
2026-05-12 16:01:28,686 [WARNING]   [롱숏] 페이지 로드 실패
2026-05-12 16:01:34,394 [INFO]   [청산][1시간] {'시간대': '1시간', '청산금액': '3.62M', '청산_롱': '2.41M', '청산_숏': '1.22M', '청산비율': '66.39% 롱포지션'}
2026-05-12 16:01:34,394 [ERROR] [시도 1] 롱숏 데이터 수집 실패
2026-05-12 16:01:36,652 [INFO]   15초 후 재시도...
2026-05-12 16:01:51,652 [INFO] ====== WebDriver manager ======
2026-05-12 16:01:52,736 [INFO] Get LATEST chromedriver version for google-chrome
2026-05-12 16:01:53,135 [INFO] Get LATEST chromedriver version for google-chrome
2026-05-12 16:01:53,468 [INFO] Driver [C:\Users\Administrator\.wdm\drivers\chromedriver\win64\147.0.7727.117\chromedriver-win32/chromedriver.exe] found in cache
2026-05-12 16:02:03,236 [INFO]   [펀딩] 바이낸스: +0.004%
2026-05-12 16:02:03,275 [INFO]   [펀딩] OKX: +0.004%
2026-05-12 16:02:03,310 [INFO]   [펀딩] 바이비트: -0.002%
2026-05-12 16:02:07,531 [INFO]   [미결제] {'미결제_비중': '18.14%', '미결제_BTC': '10.85B', '미결제_USD': '134.02K'}
2026-05-12 16:02:14,426 [INFO]   [BTC] $81,004.19
2026-05-12 16:02:20,791 [INFO]   [롱숏][1시간] 롱=48.77% 숏=51.23%
2026-05-12 16:03:08,573 [INFO]   [청산][1시간] {'시간대': '1시간', '청산금액': '3.62M', '청산_롱': '2.41M', '청산_숏': '1.22M', '청산비율': '66.39% 롱포지션'}
2026-05-12 16:03:08,583 [INFO]   저장 완료: 1행 → funding_data_v2.csv
2026-05-12 16:03:12,291 [INFO]   ✅ GitHub push 완료
2026-05-12 16:03:12,291 [INFO] ===== 수집 완료: 1행 =====

2026-05-12 16:30:14,629 [INFO] ===== 수집 시작: 2026-05-12 16:30 | 3차(17:00) | 정산_30분전 | 1시간 =====
2026-05-12 16:30:14,630 [INFO] ====== WebDriver manager ======
2026-05-12 16:30:15,730 [INFO] Get LATEST chromedriver version for google-chrome
2026-05-12 16:30:16,083 [INFO] Get LATEST chromedriver version for google-chrome
2026-05-12 16:30:16,412 [INFO] Driver [C:\Users\Administrator\.wdm\drivers\chromedriver\win64\147.0.7727.117\chromedriver-win32/chromedriver.exe] found in cache
2026-05-12 16:30:25,602 [INFO]   [펀딩] 바이낸스: +0.005%
2026-05-12 16:30:25,639 [INFO]   [펀딩] OKX: +0.004%
2026-05-12 16:30:25,686 [INFO]   [펀딩] 바이비트: -0.002%
2026-05-12 16:30:30,461 [INFO]   [미결제] {'미결제_비중': '18.12%', '미결제_BTC': '10.87B', '미결제_USD': '134.10K'}
2026-05-12 16:31:18,440 [INFO]   [BTC] $81,017.39
2026-05-12 16:31:24,900 [INFO]   [롱숏][1시간] 롱=49.79% 숏=50.21%
2026-05-12 16:31:30,534 [INFO]   [청산][1시간] {'시간대': '1시간', '청산금액': '7.25M', '청산_롱': '5.87M', '청산_숏': '1.38M', '청산비율': '80.96% 롱포지션'}
2026-05-12 16:31:30,554 [INFO]   저장 완료: 1행 → funding_data_v2.csv
2026-05-12 16:31:33,778 [INFO]   ✅ GitHub push 완료
2026-05-12 16:31:33,778 [INFO] ===== 수집 완료: 1행 =====

2026-05-12 17:00:06,106 [INFO] ===== 수집 시작: 2026-05-12 17:00 | 3차(17:00) | 정산_기준 | 전체 시간대 =====
2026-05-12 17:00:06,107 [INFO] ====== WebDriver manager ======
2026-05-12 17:00:07,200 [INFO] Get LATEST chromedriver version for google-chrome
2026-05-12 17:00:07,562 [INFO] Get LATEST chromedriver version for google-chrome
2026-05-12 17:00:07,943 [INFO] Driver [C:\Users\Administrator\.wdm\drivers\chromedriver\win64\147.0.7727.117\chromedriver-win32/chromedriver.exe] found in cache
2026-05-12 17:00:17,691 [INFO]   [펀딩] 바이낸스: +0.004%
2026-05-12 17:00:17,722 [INFO]   [펀딩] OKX: +0.003%
2026-05-12 17:00:17,752 [INFO]   [펀딩] 바이비트: -0.002%
2026-05-12 17:01:03,542 [INFO]   [미결제] {'미결제_비중': '18.03%', '미결제_BTC': '10.79B', '미결제_USD': '133.47K'}
2026-05-12 17:01:10,439 [INFO]   [BTC] $80,867.84
2026-05-12 17:01:16,769 [INFO]   [롱숏][1시간] 롱=50.68% 숏=49.32%
2026-05-12 17:01:19,644 [INFO]   [롱숏][4시간] 롱=49.62% 숏=50.38%
2026-05-12 17:01:22,394 [INFO]   [롱숏][12시간] 롱=49.89% 숏=50.11%
2026-05-12 17:01:25,153 [INFO]   [롱숏][24시간] 롱=49.93% 숏=50.07%
2026-05-12 17:01:31,484 [INFO]   [청산][1시간] {'시간대': '1시간', '청산금액': '7.38M', '청산_롱': '6.46M', '청산_숏': '924.66K', '청산비율': '87.47% 롱포지션'}
2026-05-12 17:01:33,694 [INFO]   [청산][4시간] {'시간대': '4시간', '청산금액': '14.93M', '청산_롱': '10.33M', '청산_숏': '4.60M', '청산비율': '69.21% 롱포지션'}
2026-05-12 17:01:35,898 [INFO]   [청산][12시간] {'시간대': '12시간', '청산금액': '88.35M', '청산_롱': '71.14M', '청산_숏': '17.21M', '청산비율': '80.52% 롱포지션'}
2026-05-12 17:01:38,117 [INFO]   [청산][24시간] {'시간대': '24시간', '청산금액': '238.46M', '청산_롱': '129.13M', '청산_숏': '109.33M', '청산비율': '54.15% 롱포지션'}
2026-05-12 17:01:38,121 [INFO]   저장 완료: 4행 → funding_data_v2.csv
2026-05-12 17:01:40,884 [INFO]   ✅ GitHub push 완료
2026-05-12 17:01:40,884 [INFO] ===== 수집 완료: 4행 =====

2026-05-12 17:30:13,245 [INFO] ===== 수집 시작: 2026-05-12 17:30 | 3차(17:00) | 정산_30분후 | 1시간 =====
2026-05-12 17:30:13,245 [INFO] ====== WebDriver manager ======
2026-05-12 17:30:14,261 [INFO] Get LATEST chromedriver version for google-chrome
2026-05-12 17:30:14,594 [INFO] Get LATEST chromedriver version for google-chrome
2026-05-12 17:30:14,915 [INFO] Driver [C:\Users\Administrator\.wdm\drivers\chromedriver\win64\147.0.7727.117\chromedriver-win32/chromedriver.exe] found in cache
2026-05-12 17:30:23,539 [INFO]   [펀딩] 바이낸스: +0.004%
2026-05-12 17:30:23,576 [INFO]   [펀딩] OKX: +0.002%
2026-05-12 17:30:23,613 [INFO]   [펀딩] 바이비트: -0.003%
2026-05-12 17:31:09,345 [INFO]   [미결제] {'미결제_비중': '17.98%', '미결제_BTC': '10.78B', '미결제_USD': '133.37K'}
2026-05-12 17:31:16,121 [INFO]   [BTC] $80,842.58
2026-05-12 17:31:22,527 [INFO]   [롱숏][1시간] 롱=49.78% 숏=50.22%
2026-05-12 17:31:27,955 [INFO]   [청산][1시간] {'시간대': '1시간', '청산금액': '14.23M', '청산_롱': '13.10M', '청산_숏': '1.13M', '청산비율': '92.09% 롱포지션'}
2026-05-12 17:31:27,958 [INFO]   저장 완료: 1행 → funding_data_v2.csv
2026-05-12 17:31:31,073 [INFO]   ✅ GitHub push 완료
2026-05-12 17:31:31,073 [INFO] ===== 수집 완료: 1행 =====

2026-05-12 18:00:03,377 [INFO] ===== 수집 시작: 2026-05-12 18:00 | 3차(17:00) | 정산_1시간후 | 1시간 =====
2026-05-12 18:00:03,377 [INFO] ====== WebDriver manager ======
2026-05-12 18:00:04,415 [INFO] Get LATEST chromedriver version for google-chrome
2026-05-12 18:00:04,745 [INFO] Get LATEST chromedriver version for google-chrome
2026-05-12 18:00:05,092 [INFO] Driver [C:\Users\Administrator\.wdm\drivers\chromedriver\win64\147.0.7727.117\chromedriver-win32/chromedriver.exe] found in cache
2026-05-12 18:00:12,319 [INFO]   [펀딩] 바이낸스: +0.004%
2026-05-12 18:00:12,374 [INFO]   [펀딩] OKX: +0.001%
2026-05-12 18:00:12,531 [WARNING]   [펀딩] 재시도 1/2
2026-05-12 18:00:24,278 [INFO]   [펀딩] 바이낸스: +0.004%
2026-05-12 18:00:24,315 [INFO]   [펀딩] OKX: +0.001%
2026-05-12 18:00:24,576 [WARNING]   [펀딩] 재시도 2/2
2026-05-12 18:00:36,022 [INFO]   [펀딩] 바이낸스: +0.004%
2026-05-12 18:00:36,058 [INFO]   [펀딩] OKX: +0.001%
2026-05-12 18:00:39,670 [INFO]   [미결제] {'미결제_비중': '17.96%', '미결제_BTC': '10.78B', '미결제_USD': '133.43K'}
2026-05-12 18:00:45,380 [INFO]   [BTC] $80,814.79
2026-05-12 18:00:51,471 [INFO]   [롱숏][1시간] 롱=49.71% 숏=50.29%
2026-05-12 18:00:57,020 [INFO]   [청산][1시간] {'시간대': '1시간', '청산금액': '12.48M', '청산_롱': '11.25M', '청산_숏': '1.24M', '청산비율': '90.11% 롱포지션'}
2026-05-12 18:00:57,021 [WARNING]   누락 항목: ['펀딩_바이비트']
2026-05-12 18:00:57,024 [INFO]   전체 재시도 1/3 (15초 후)
2026-05-12 18:01:14,286 [INFO] ====== WebDriver manager ======
2026-05-12 18:01:15,281 [INFO] Get LATEST chromedriver version for google-chrome
2026-05-12 18:01:15,613 [INFO] Get LATEST chromedriver version for google-chrome
2026-05-12 18:01:15,934 [INFO] Driver [C:\Users\Administrator\.wdm\drivers\chromedriver\win64\147.0.7727.117\chromedriver-win32/chromedriver.exe] found in cache
2026-05-12 18:01:24,671 [INFO]   [펀딩] 바이낸스: +0.004%
2026-05-12 18:01:24,705 [INFO]   [펀딩] OKX: +0.001%
2026-05-12 18:01:24,867 [WARNING]   [펀딩] 재시도 1/2
2026-05-12 18:01:37,017 [INFO]   [펀딩] 바이낸스: +0.004%
2026-05-12 18:01:37,051 [INFO]   [펀딩] OKX: +0.001%
2026-05-12 18:01:37,204 [WARNING]   [펀딩] 재시도 2/2
2026-05-12 18:02:28,454 [WARNING]   [펀딩] 페이지 로드 실패
2026-05-12 18:02:31,625 [INFO]   [미결제] {'미결제_비중': '17.97%', '미결제_BTC': '10.79B', '미결제_USD': '133.50K'}
2026-05-12 18:02:37,281 [INFO]   [BTC] $80,820.63
2026-05-12 18:02:43,448 [INFO]   [롱숏][1시간] 롱=49.67% 숏=50.33%
2026-05-12 18:02:49,093 [INFO]   [청산][1시간] {'시간대': '1시간', '청산금액': '12.48M', '청산_롱': '11.25M', '청산_숏': '1.24M', '청산비율': '90.11% 롱포지션'}
2026-05-12 18:02:49,094 [WARNING]   누락 항목: ['펀딩_바이낸스', '펀딩_OKX', '펀딩_바이비트']
2026-05-12 18:02:49,097 [INFO]   전체 재시도 2/3 (15초 후)
2026-05-12 18:03:06,610 [INFO] ====== WebDriver manager ======
2026-05-12 18:03:07,604 [INFO] Get LATEST chromedriver version for google-chrome
2026-05-12 18:03:07,942 [INFO] Get LATEST chromedriver version for google-chrome
2026-05-12 18:03:08,259 [INFO] Driver [C:\Users\Administrator\.wdm\drivers\chromedriver\win64\147.0.7727.117\chromedriver-win32/chromedriver.exe] found in cache
2026-05-12 18:03:14,823 [INFO]   [펀딩] 바이낸스: +0.004%
2026-05-12 18:03:14,860 [INFO]   [펀딩] OKX: +0.001%
2026-05-12 18:03:15,070 [WARNING]   [펀딩] 재시도 1/2
2026-05-12 18:03:27,325 [INFO]   [펀딩] 바이낸스: +0.004%
2026-05-12 18:03:27,368 [INFO]   [펀딩] OKX: +0.001%
2026-05-12 18:03:27,587 [WARNING]   [펀딩] 재시도 2/2
2026-05-12 18:03:39,071 [INFO]   [펀딩] 바이낸스: +0.004%
2026-05-12 18:03:39,110 [INFO]   [펀딩] OKX: +0.001%
2026-05-12 18:03:42,883 [INFO]   [미결제] {'미결제_비중': '17.97%', '미결제_BTC': '10.79B', '미결제_USD': '133.50K'}
2026-05-12 18:03:48,716 [INFO]   [BTC] $80,859.2
2026-05-12 18:03:54,801 [INFO]   [롱숏][1시간] 롱=49.67% 숏=50.33%
2026-05-12 18:04:00,586 [INFO]   [청산][1시간] {'시간대': '1시간', '청산금액': '10.44M', '청산_롱': '9.23M', '청산_숏': '1.21M', '청산비율': '88.4% 롱포지션'}
2026-05-12 18:04:00,587 [WARNING]   누락 항목: ['펀딩_바이비트']
2026-05-12 18:04:00,591 [ERROR]   ❌ 최대 재시도 초과. 누락 포함 저장
2026-05-12 18:04:00,839 [INFO]   저장 완료: 1행 → funding_data_v2.csv
2026-05-12 18:04:04,118 [INFO]   ✅ GitHub push 완료
2026-05-12 18:04:04,118 [INFO] ===== 수집 완료: 1행 =====

2026-05-12 20:00:06,492 [INFO] ===== 수집 시작: 2026-05-12 20:00 | - | 일반 | 1시간 =====
2026-05-12 20:00:06,493 [INFO] ====== WebDriver manager ======
2026-05-12 20:00:07,523 [INFO] Get LATEST chromedriver version for google-chrome
2026-05-12 20:00:07,879 [INFO] Get LATEST chromedriver version for google-chrome
2026-05-12 20:00:08,219 [INFO] Driver [C:\Users\Administrator\.wdm\drivers\chromedriver\win64\147.0.7727.117\chromedriver-win32/chromedriver.exe] found in cache
2026-05-12 20:00:14,321 [INFO]   [펀딩] 바이낸스: +0.002%
2026-05-12 20:00:14,353 [INFO]   [펀딩] OKX: -0.001%
2026-05-12 20:00:14,383 [INFO]   [펀딩] 바이비트: +0.008%
2026-05-12 20:00:18,884 [INFO]   [미결제] {'미결제_비중': '17.93%', '미결제_BTC': '10.74B', '미결제_USD': '133.25K'}
2026-05-12 20:00:24,975 [INFO]   [BTC] $80,660.41
2026-05-12 20:00:31,181 [INFO]   [롱숏][1시간] 롱=50.48% 숏=49.52%
2026-05-12 20:00:36,817 [INFO]   [청산][1시간] {'시간대': '1시간', '청산금액': '10.52M', '청산_롱': '9.72M', '청산_숏': '806.50K', '청산비율': '92.34% 롱포지션'}
2026-05-12 20:00:36,819 [INFO]   저장 완료: 1행 → funding_data_v2.csv
2026-05-12 20:00:40,129 [INFO]   ✅ GitHub push 완료
2026-05-12 20:00:40,129 [INFO] ===== 수집 완료: 1행 =====

